<?xml version="1.0" encoding="UTF-8"?>
<!-- Generated by org.testng.reporters.JUnitReportReporter -->
<testsuite hostname="DESKTOP-QTRQQM0" failures="0" tests="4" name="TestNGPrograms.MyFirstTestNGClass" time="0.017" errors="0" timestamp="2022-05-17T22:08:17 IST" skipped="0">
  <testcase classname="TestNGPrograms.MyFirstTestNGClass" name="TestCase_1" time="0.009"/>
  <system-out/>
  <testcase classname="TestNGPrograms.MyFirstTestNGClass" name="TestCase_3" time="0.003"/>
  <system-out/>
  <testcase classname="TestNGPrograms.MyFirstTestNGClass" name="TestCase_4" time="0.003"/>
  <system-out/>
  <testcase classname="TestNGPrograms.MyFirstTestNGClass" name="TestCase_2" time="0.002"/>
  <system-out/>
</testsuite> <!-- TestNGPrograms.MyFirstTestNGClass -->
