<?xml version="1.0" encoding="UTF-8"?>
<!-- Generated by org.testng.reporters.JUnitReportReporter -->
<testsuite hostname="DESKTOP-QTRQQM0" failures="0" tests="1" name="TestNGPrograms.TakeScreenshot" time="10.064" errors="0" timestamp="2022-05-18T21:40:56 IST" skipped="0">
  <testcase classname="TestNGPrograms.TakeScreenshot" name="takeScreenshot" time="10.064"/>
  <system-out/>
</testsuite> <!-- TestNGPrograms.TakeScreenshot -->
