<?xml version="1.0" encoding="UTF-8"?>
<!-- Generated by org.testng.reporters.JUnitReportReporter -->
<testsuite hostname="DESKTOP-QTRQQM0" failures="0" tests="5" name="TestNGPrograms.InheritMyFirstTestNGClass" time="0.036" errors="0" timestamp="2022-05-17T22:02:27 IST" skipped="0">
  <testcase classname="TestNGPrograms.InheritMyFirstTestNGClass" name="f" time="0.008"/>
  <system-out/>
  <testcase classname="TestNGPrograms.InheritMyFirstTestNGClass" name="TestCase_1" time="0.002"/>
  <system-out/>
  <testcase classname="TestNGPrograms.InheritMyFirstTestNGClass" name="TestCase_3" time="0.009"/>
  <system-out/>
  <testcase classname="TestNGPrograms.InheritMyFirstTestNGClass" name="TestCase_2" time="0.005"/>
  <system-out/>
  <testcase classname="TestNGPrograms.InheritMyFirstTestNGClass" name="TestCase_4" time="0.012"/>
  <system-out/>
</testsuite> <!-- TestNGPrograms.InheritMyFirstTestNGClass -->
